app/build/intermediates/manifest_merge_blame_file/debug/manifest-merger-blame-debug-report.txt
1<?xml version="1.0" encoding="utf-8"?>
2<manifest xmlns:android="http://schemas.android.com/apk/res/android"
3    package="com.uniforce.bomo"
4    android:versionCode="1"
5    android:versionName="1.0" >
6
7    <uses-sdk
8        android:minSdkVersion="8"
8-->src\main\AndroidManifest.xml
9        android:targetSdkVersion="15" />
9-->src\main\AndroidManifest.xml
10
11    <supports-screens
11-->src\main\AndroidManifest.xml:6:5-11:39
12        android:anyDensity="true"
12-->src\main\AndroidManifest.xml:7:9-34
13        android:largeScreens="true"
13-->src\main\AndroidManifest.xml:8:9-36
14        android:normalScreens="true"
14-->src\main\AndroidManifest.xml:9:9-37
15        android:resizeable="true"
15-->src\main\AndroidManifest.xml:10:9-34
16        android:smallScreens="true" />
16-->src\main\AndroidManifest.xml:11:9-36
17
18    <uses-permission android:name="android.permission.INTERNET" />
18-->src\main\AndroidManifest.xml:13:5-67
18-->src\main\AndroidManifest.xml:13:22-64
19    <uses-permission android:name="android.permission.WRITE_EXTERNAL_STORAGE" />
19-->src\main\AndroidManifest.xml:14:5-81
19-->src\main\AndroidManifest.xml:14:22-78
20    <uses-permission android:name="android.permission.READ_EXTERNAL_STORAGE" />
20-->src\main\AndroidManifest.xml:15:5-80
20-->src\main\AndroidManifest.xml:15:22-77
21    <uses-permission android:name="android.permission.ACCESS_NETWORK_STATE" />
21-->src\main\AndroidManifest.xml:16:5-79
21-->src\main\AndroidManifest.xml:16:22-76
22
23    <application
23-->src\main\AndroidManifest.xml:18:5-33:19
24        android:debuggable="true"
25        android:icon="@drawable/ic_launcher"
25-->src\main\AndroidManifest.xml:19:9-45
26        android:label="@string/app_name"
26-->src\main\AndroidManifest.xml:20:9-41
27        android:theme="@style/AppTheme" >
27-->src\main\AndroidManifest.xml:21:9-40
28        <activity
28-->src\main\AndroidManifest.xml:22:9-32:20
29            android:name="com.uniforce.bomo.BomoMainActivity"
29-->src\main\AndroidManifest.xml:23:13-45
30            android:configChanges="keyboard|keyboardHidden|orientation"
30-->src\main\AndroidManifest.xml:24:13-72
31            android:label="@string/title_activity_bomo_main"
31-->src\main\AndroidManifest.xml:25:13-61
32            android:launchMode="singleTop" >
32-->src\main\AndroidManifest.xml:26:13-43
33            <intent-filter>
33-->src\main\AndroidManifest.xml:27:13-31:29
34                <action android:name="android.intent.action.MAIN" />
34-->src\main\AndroidManifest.xml:28:17-69
34-->src\main\AndroidManifest.xml:28:25-66
35
36                <category android:name="android.intent.category.LAUNCHER" />
36-->src\main\AndroidManifest.xml:30:17-77
36-->src\main\AndroidManifest.xml:30:27-74
37            </intent-filter>
38        </activity>
39    </application>
40
41</manifest>